<?xml version="1.0" encoding="UTF-8"?>
<!-- Generated by org.testng.reporters.JUnitReportReporter -->
<testsuite hostname="LAPTOP-QAQ7I9GF" failures="0" tests="1" name="TestCases.VerifySignUp" time="89.186" errors="0" timestamp="2024-01-06T17:23:25 IST" skipped="0">
  <testcase classname="TestCases.VerifySignUp" name="signup" time="89.186"/>
</testsuite> <!-- TestCases.VerifySignUp -->
